

================================================================
== Vivado HLS Report for 'krnl_write'
================================================================
* Date:           Thu Nov 16 23:15:45 2017

* Version:        2017.2 (Build 1909853 on Wed Aug 23 11:51:38 MDT 2017)
* Project:        krnl_write
* Solution:       solution_OCL_REGION_0
* Product family: virtex7
* Target device:  xc7vx690tffg1157-2


================================================================
== Performance Estimates
================================================================
+ Timing (ns): 
    * Summary: 
    +--------+-------+----------+------------+
    |  Clock | Target| Estimated| Uncertainty|
    +--------+-------+----------+------------+
    |ap_clk  |   5.00|      3.65|        1.35|
    +--------+-------+----------+------------+

+ Latency (clock cycles): 
    * Summary: 
    +-----+-----+-----+-----+---------+
    |  Latency  |  Interval | Pipeline|
    | min | max | min | max |   Type  |
    +-----+-----+-----+-----+---------+
    |    ?|    ?|    ?|    ?|   none  |
    +-----+-----+-----+-----+---------+

    + Detail: 
        * Instance: 
        N/A

        * Loop: 
        +----------+-----+-----+----------+-----------+-----------+------+----------+
        |          |  Latency  | Iteration|  Initiation Interval  | Trip |          |
        | Loop Name| min | max |  Latency |  achieved |   target  | Count| Pipelined|
        +----------+-----+-----+----------+-----------+-----------+------+----------+
        |- Loop 1  |    ?|    ?|         2|          1|          1|     ?|    yes   |
        +----------+-----+-----+----------+-----------+-----------+------+----------+



================================================================
== Utilization Estimates
================================================================
* Summary: 
+-----------------+---------+-------+--------+--------+
|       Name      | BRAM_18K| DSP48E|   FF   |   LUT  |
+-----------------+---------+-------+--------+--------+
|DSP              |        -|      -|       -|       -|
|Expression       |        -|      -|       0|     164|
|FIFO             |        -|      -|       -|       -|
|Instance         |        2|      -|     726|     940|
|Memory           |        -|      -|       -|       -|
|Multiplexer      |        -|      -|       -|     687|
|Register         |        -|      -|     298|       -|
+-----------------+---------+-------+--------+--------+
|Total            |        2|      0|    1024|    1791|
+-----------------+---------+-------+--------+--------+
|Available        |     2940|   3600|  866400|  433200|
+-----------------+---------+-------+--------+--------+
|Utilization (%)  |    ~0   |      0|   ~0   |   ~0   |
+-----------------+---------+-------+--------+--------+

+ Detail: 
    * Instance: 
    +----------------------------+--------------------------+---------+-------+-----+-----+
    |          Instance          |          Module          | BRAM_18K| DSP48E|  FF | LUT |
    +----------------------------+--------------------------+---------+-------+-----+-----+
    |krnl_write_control_s_axi_U  |krnl_write_control_s_axi  |        0|      0|  214|  360|
    |krnl_write_gmem_m_axi_U     |krnl_write_gmem_m_axi     |        2|      0|  512|  580|
    +----------------------------+--------------------------+---------+-------+-----+-----+
    |Total                       |                          |        2|      0|  726|  940|
    +----------------------------+--------------------------+---------+-------+-----+-----+

    * DSP48: 
    N/A

    * Memory: 
    N/A

    * FIFO: 
    N/A

    * Expression: 
    +----------------------------------+----------+-------+---+----+------------+------------+
    |           Variable Name          | Operation| DSP48E| FF| LUT| Bitwidth P0| Bitwidth P1|
    +----------------------------------+----------+-------+---+----+------------+------------+
    |p_reg2mem_0_i_i_fu_162_p2         |     +    |      0|  0|  38|          31|           1|
    |ap_block_pp0_stage0_01001         |    and   |      0|  0|   8|           1|           1|
    |ap_block_state4_io                |    and   |      0|  0|   8|           1|           1|
    |ap_condition_1309                 |    and   |      0|  0|   8|           1|           1|
    |ap_predicate_op165_read_state3    |    and   |      0|  0|   8|           1|           1|
    |ap_predicate_op170_read_state3    |    and   |      0|  0|   8|           1|           1|
    |icmp_fu_178_p2                    |   icmp   |      0|  0|  18|          31|           1|
    |tmp_2_fu_157_p2                   |   icmp   |      0|  0|  18|          32|          32|
    |tmp_4_fu_184_p2                   |   icmp   |      0|  0|  18|          32|           1|
    |ap_block_pp0_stage0_11001         |    or    |      0|  0|   8|           1|           1|
    |ap_block_state3_pp0_stage0_iter0  |    or    |      0|  0|   8|           1|           1|
    |ap_enable_pp0                     |    xor   |      0|  0|   8|           1|           2|
    |ap_enable_reg_pp0_iter1           |    xor   |      0|  0|   8|           1|           2|
    +----------------------------------+----------+-------+---+----+------------+------------+
    |Total                             |          |      0|  0| 164|         135|          46|
    +----------------------------------+----------+-------+---+----+------------+------------+

    * Multiplexer: 
    +-----------------------------+-----+-----------+-----+-----------+
    |             Name            | LUT | Input Size| Bits| Total Bits|
    +-----------------------------+-----+-----------+-----+-----------+
    |ap_NS_fsm                    |  609|        136|    1|        136|
    |ap_enable_reg_pp0_iter1      |   15|          3|    1|          3|
    |ap_sig_ioackin_gmem_AWREADY  |    9|          2|    1|          2|
    |ap_sig_ioackin_gmem_WREADY   |    9|          2|    1|          2|
    |gmem_blk_n_AW                |    9|          2|    1|          2|
    |gmem_blk_n_B                 |    9|          2|    1|          2|
    |gmem_blk_n_W                 |    9|          2|    1|          2|
    |i_0_reg2mem5_0_i_i_reg_117   |    9|          2|   31|         62|
    |pipe_c_TDATA_blk_n           |    9|          2|    1|          2|
    +-----------------------------+-----+-----------+-----+-----------+
    |Total                        |  687|        153|   39|        213|
    +-----------------------------+-----+-----------+-----+-----------+

    * Register: 
    +-----------------------------+-----+----+-----+-----------+
    |             Name            |  FF | LUT| Bits| Const Bits|
    +-----------------------------+-----+----+-----+-----------+
    |ap_CS_fsm                    |  135|   0|  135|          0|
    |ap_enable_reg_pp0_iter0      |    1|   0|    1|          0|
    |ap_enable_reg_pp0_iter1      |    1|   0|    1|          0|
    |ap_reg_ioackin_gmem_AWREADY  |    1|   0|    1|          0|
    |ap_reg_ioackin_gmem_WREADY   |    1|   0|    1|          0|
    |ap_rst_n_inv                 |    1|   0|    1|          0|
    |arg_n_elements_reg_200       |   32|   0|   32|          0|
    |gmem_addr_reg_206            |   62|   0|   64|          2|
    |i_0_reg2mem5_0_i_i_reg_117   |   31|   0|   31|          0|
    |p_0_fu_74                    |   32|   0|   32|          0|
    |tmp_2_reg_212                |    1|   0|    1|          0|
    +-----------------------------+-----+----+-----+-----------+
    |Total                        |  298|   0|  300|          2|
    +-----------------------------+-----+----+-----+-----------+



================================================================
== Interface
================================================================
* Summary: 
+-----------------------+-----+-----+------------+--------------+--------------+
|       RTL Ports       | Dir | Bits|  Protocol  | Source Object|    C Type    |
+-----------------------+-----+-----+------------+--------------+--------------+
|s_axi_control_AWVALID  |  in |    1|    s_axi   |    control   |    pointer   |
|s_axi_control_AWREADY  | out |    1|    s_axi   |    control   |    pointer   |
|s_axi_control_AWADDR   |  in |    6|    s_axi   |    control   |    pointer   |
|s_axi_control_WVALID   |  in |    1|    s_axi   |    control   |    pointer   |
|s_axi_control_WREADY   | out |    1|    s_axi   |    control   |    pointer   |
|s_axi_control_WDATA    |  in |   32|    s_axi   |    control   |    pointer   |
|s_axi_control_WSTRB    |  in |    4|    s_axi   |    control   |    pointer   |
|s_axi_control_ARVALID  |  in |    1|    s_axi   |    control   |    pointer   |
|s_axi_control_ARREADY  | out |    1|    s_axi   |    control   |    pointer   |
|s_axi_control_ARADDR   |  in |    6|    s_axi   |    control   |    pointer   |
|s_axi_control_RVALID   | out |    1|    s_axi   |    control   |    pointer   |
|s_axi_control_RREADY   |  in |    1|    s_axi   |    control   |    pointer   |
|s_axi_control_RDATA    | out |   32|    s_axi   |    control   |    pointer   |
|s_axi_control_RRESP    | out |    2|    s_axi   |    control   |    pointer   |
|s_axi_control_BVALID   | out |    1|    s_axi   |    control   |    pointer   |
|s_axi_control_BREADY   |  in |    1|    s_axi   |    control   |    pointer   |
|s_axi_control_BRESP    | out |    2|    s_axi   |    control   |    pointer   |
|ap_clk                 |  in |    1| ap_ctrl_hs |  krnl_write  | return value |
|ap_rst_n               |  in |    1| ap_ctrl_hs |  krnl_write  | return value |
|interrupt              | out |    1| ap_ctrl_hs |  krnl_write  | return value |
|m_axi_gmem_AWVALID     | out |    1|    m_axi   |     gmem     |    pointer   |
|m_axi_gmem_AWREADY     |  in |    1|    m_axi   |     gmem     |    pointer   |
|m_axi_gmem_AWADDR      | out |   64|    m_axi   |     gmem     |    pointer   |
|m_axi_gmem_AWID        | out |    1|    m_axi   |     gmem     |    pointer   |
|m_axi_gmem_AWLEN       | out |    8|    m_axi   |     gmem     |    pointer   |
|m_axi_gmem_AWSIZE      | out |    3|    m_axi   |     gmem     |    pointer   |
|m_axi_gmem_AWBURST     | out |    2|    m_axi   |     gmem     |    pointer   |
|m_axi_gmem_AWLOCK      | out |    2|    m_axi   |     gmem     |    pointer   |
|m_axi_gmem_AWCACHE     | out |    4|    m_axi   |     gmem     |    pointer   |
|m_axi_gmem_AWPROT      | out |    3|    m_axi   |     gmem     |    pointer   |
|m_axi_gmem_AWQOS       | out |    4|    m_axi   |     gmem     |    pointer   |
|m_axi_gmem_AWREGION    | out |    4|    m_axi   |     gmem     |    pointer   |
|m_axi_gmem_AWUSER      | out |    1|    m_axi   |     gmem     |    pointer   |
|m_axi_gmem_WVALID      | out |    1|    m_axi   |     gmem     |    pointer   |
|m_axi_gmem_WREADY      |  in |    1|    m_axi   |     gmem     |    pointer   |
|m_axi_gmem_WDATA       | out |   32|    m_axi   |     gmem     |    pointer   |
|m_axi_gmem_WSTRB       | out |    4|    m_axi   |     gmem     |    pointer   |
|m_axi_gmem_WLAST       | out |    1|    m_axi   |     gmem     |    pointer   |
|m_axi_gmem_WID         | out |    1|    m_axi   |     gmem     |    pointer   |
|m_axi_gmem_WUSER       | out |    1|    m_axi   |     gmem     |    pointer   |
|m_axi_gmem_ARVALID     | out |    1|    m_axi   |     gmem     |    pointer   |
|m_axi_gmem_ARREADY     |  in |    1|    m_axi   |     gmem     |    pointer   |
|m_axi_gmem_ARADDR      | out |   64|    m_axi   |     gmem     |    pointer   |
|m_axi_gmem_ARID        | out |    1|    m_axi   |     gmem     |    pointer   |
|m_axi_gmem_ARLEN       | out |    8|    m_axi   |     gmem     |    pointer   |
|m_axi_gmem_ARSIZE      | out |    3|    m_axi   |     gmem     |    pointer   |
|m_axi_gmem_ARBURST     | out |    2|    m_axi   |     gmem     |    pointer   |
|m_axi_gmem_ARLOCK      | out |    2|    m_axi   |     gmem     |    pointer   |
|m_axi_gmem_ARCACHE     | out |    4|    m_axi   |     gmem     |    pointer   |
|m_axi_gmem_ARPROT      | out |    3|    m_axi   |     gmem     |    pointer   |
|m_axi_gmem_ARQOS       | out |    4|    m_axi   |     gmem     |    pointer   |
|m_axi_gmem_ARREGION    | out |    4|    m_axi   |     gmem     |    pointer   |
|m_axi_gmem_ARUSER      | out |    1|    m_axi   |     gmem     |    pointer   |
|m_axi_gmem_RVALID      |  in |    1|    m_axi   |     gmem     |    pointer   |
|m_axi_gmem_RREADY      | out |    1|    m_axi   |     gmem     |    pointer   |
|m_axi_gmem_RDATA       |  in |   32|    m_axi   |     gmem     |    pointer   |
|m_axi_gmem_RLAST       |  in |    1|    m_axi   |     gmem     |    pointer   |
|m_axi_gmem_RID         |  in |    1|    m_axi   |     gmem     |    pointer   |
|m_axi_gmem_RUSER       |  in |    1|    m_axi   |     gmem     |    pointer   |
|m_axi_gmem_RRESP       |  in |    2|    m_axi   |     gmem     |    pointer   |
|m_axi_gmem_BVALID      |  in |    1|    m_axi   |     gmem     |    pointer   |
|m_axi_gmem_BREADY      | out |    1|    m_axi   |     gmem     |    pointer   |
|m_axi_gmem_BRESP       |  in |    2|    m_axi   |     gmem     |    pointer   |
|m_axi_gmem_BID         |  in |    1|    m_axi   |     gmem     |    pointer   |
|m_axi_gmem_BUSER       |  in |    1|    m_axi   |     gmem     |    pointer   |
|pipe_c_TDATA           |  in |   32|    axis    |    pipe_c    |    pointer   |
|pipe_c_TVALID          |  in |    1|    axis    |    pipe_c    |    pointer   |
|pipe_c_TREADY          | out |    1|    axis    |    pipe_c    |    pointer   |
|pipe_c_count           |  in |   32|   ap_none  | pipe_c_count |    scalar    |
+-----------------------+-----+-----+------------+--------------+--------------+

