================================================================
  Vivado(TM) HLS - High-Level Synthesis from C, C++ and SystemC
  Version 2017.2
  Build 1909853 on Wed Aug 23 11:51:38 MDT 2017
  Copyright (C) 1986-2017 Xilinx, Inc. All Rights Reserved.
================================================================
INFO: [HLS 200-10] Running '/home/yanghui/Xilinx/SDx/2017.2/Vivado_HLS/bin/unwrapped/lnx64.o/vivado_hls'
INFO: [HLS 200-10] For user 'yanghui' on host 'Alienware' (Linux_x86_64 version 4.10.0-38-generic) on Thu Nov 16 23:15:38 HKT 2017
INFO: [HLS 200-10] On os Ubuntu 16.04.3 LTS
INFO: [HLS 200-10] In directory '/home/yanghui/Desktop/myProject/multiple_krnl/_xocc_compile_krnl_vadd_krnl_vadd.hw_emu.dir/impl/kernels/krnl_adder'
INFO: [HLS 200-10] Creating and opening project '/home/yanghui/Desktop/myProject/multiple_krnl/_xocc_compile_krnl_vadd_krnl_vadd.hw_emu.dir/impl/kernels/krnl_adder/krnl_adder'.
INFO: [HLS 200-10] Adding design file '/home/yanghui/Desktop/myProject/multiple_krnl/krnl_vadd.cl' to the project
INFO: [HLS 200-10] Creating and opening solution '/home/yanghui/Desktop/myProject/multiple_krnl/_xocc_compile_krnl_vadd_krnl_vadd.hw_emu.dir/impl/kernels/krnl_adder/krnl_adder/solution_OCL_REGION_0'.
INFO: [HLS 200-10] Setting target device to 'xc7vx690tffg1157-2'
INFO: [SYN 201-201] Setting up clock 'default' with a period of 5ns.
INFO: [SYN 201-201] Setting up clock 'default' with an uncertainty of 1.35ns.
INFO: [SCHED 204-61] Option 'relax_ii_for_timing' is enabled, will increase II to preserve clock frequency constraints.
INFO: [XFORM 203-1171] Pipeline the innermost loop with trip count more than 64 or its parent loop when its trip count is less than or equal 64.
INFO: [XFORM 203-1161] The maximum of name length is set into 256.
INFO: [HLS 200-10] Analyzing design file '/home/yanghui/Desktop/myProject/multiple_krnl/krnl_vadd.cl' ... 
INFO: [HLS 200-111] Finished Checking Pragmas Time (s): cpu = 00:00:01 ; elapsed = 00:00:01 . Memory (MB): peak = 356.910 ; gain = 12.586 ; free physical = 12771 ; free virtual = 31060
INFO: [HLS 200-111] Finished Linking Time (s): cpu = 00:00:03 ; elapsed = 00:00:03 . Memory (MB): peak = 356.910 ; gain = 12.586 ; free physical = 12773 ; free virtual = 31062
INFO: [HLS 200-10] Starting code transformations ...
INFO: [HLS 200-111] Finished Standard Transforms Time (s): cpu = 00:00:05 ; elapsed = 00:00:05 . Memory (MB): peak = 387.242 ; gain = 42.918 ; free physical = 12764 ; free virtual = 31053
INFO: [HLS 200-10] Checking synthesizability ...
INFO: [HLS 200-111] Finished Checking Synthesizability Time (s): cpu = 00:00:05 ; elapsed = 00:00:05 . Memory (MB): peak = 387.242 ; gain = 42.918 ; free physical = 12770 ; free virtual = 31059
INFO: [XFORM 203-510] Pipelining loop 'Loop-2' (/home/yanghui/Desktop/myProject/multiple_krnl/krnl_vadd.cl:36) in function 'krnl_adder' automatically.
INFO: [XFORM 203-102] Partitioning array '.cast.i.1' automatically.
INFO: [XFORM 203-102] Partitioning array '.cast.i.2' automatically.
INFO: [XFORM 203-102] Partitioning array '.cast.i.3' automatically.
INFO: [XFORM 203-102] Partitioning array '.cast.i.4' automatically.
INFO: [XFORM 203-102] Partitioning array '.cast.i.5' automatically.
INFO: [XFORM 203-102] Partitioning array '.cast.i.6' automatically.
INFO: [XFORM 203-102] Partitioning array '.cast.i.7' automatically.
INFO: [HLS 200-111] Finished Pre-synthesis Time (s): cpu = 00:00:06 ; elapsed = 00:00:06 . Memory (MB): peak = 501.082 ; gain = 156.758 ; free physical = 12727 ; free virtual = 31016
INFO: [HLS 200-111] Finished Architecture Synthesis Time (s): cpu = 00:00:06 ; elapsed = 00:00:06 . Memory (MB): peak = 501.082 ; gain = 156.758 ; free physical = 12735 ; free virtual = 31024
INFO: [HLS 200-10] Starting hardware synthesis ...
INFO: [HLS 200-10] Synthesizing 'krnl_adder' ...
INFO: [HLS 200-10] ----------------------------------------------------------------
INFO: [HLS 200-42] -- Implementing module 'krnl_adder' 
INFO: [HLS 200-10] ----------------------------------------------------------------
INFO: [SCHED 204-11] Starting scheduling ...
INFO: [SCHED 204-61] Pipelining loop 'Loop 1'.
INFO: [SCHED 204-61] Pipelining result: Target II: 1, Final II: 1, Depth: 2.
INFO: [SCHED 204-11] Finished scheduling.
INFO: [HLS 200-111]  Elapsed time: 6.18 seconds; current allocated memory: 59.551 MB.
INFO: [BIND 205-100] Starting micro-architecture generation ...
INFO: [BIND 205-101] Performing variable lifetime analysis.
INFO: [BIND 205-101] Exploring resource sharing.
INFO: [BIND 205-101] Binding ...
INFO: [BIND 205-100] Finished micro-architecture generation.
INFO: [HLS 200-111]  Elapsed time: 0.02 seconds; current allocated memory: 59.804 MB.
INFO: [HLS 200-10] ----------------------------------------------------------------
INFO: [HLS 200-10] -- Generating RTL for module 'krnl_adder' 
INFO: [HLS 200-10] ----------------------------------------------------------------
INFO: [RTGEN 206-500] Setting interface mode on port 'krnl_adder/gmem' to 'm_axi'.
INFO: [RTGEN 206-500] Setting interface mode on port 'krnl_adder/pipe_a' to 'axis'.
INFO: [RTGEN 206-500] Setting interface mode on port 'krnl_adder/pipe_a_count' to 'ap_none'.
INFO: [RTGEN 206-500] Setting interface mode on port 'krnl_adder/pipe_b' to 'axis'.
INFO: [RTGEN 206-500] Setting interface mode on port 'krnl_adder/pipe_b_count' to 'ap_none'.
INFO: [RTGEN 206-500] Setting interface mode on port 'krnl_adder/pipe_c' to 'axis'.
INFO: [RTGEN 206-500] Setting interface mode on port 'krnl_adder/pipe_c_count' to 'ap_none'.
INFO: [RTGEN 206-500] Setting interface mode on port 'krnl_adder/n_elements' to 's_axilite & ap_none'.
INFO: [RTGEN 206-500] Setting interface mode on port 'krnl_adder/p_xcl_gv_pipe_a' to 's_axilite & ap_none'.
INFO: [RTGEN 206-500] Setting interface mode on port 'krnl_adder/p_xcl_gv_pipe_b' to 's_axilite & ap_none'.
INFO: [RTGEN 206-500] Setting interface mode on port 'krnl_adder/p_xcl_gv_pipe_c' to 's_axilite & ap_none'.
INFO: [RTGEN 206-500] Setting interface mode on function 'krnl_adder' to 's_axilite & ap_ctrl_hs'.
INFO: [RTGEN 206-100] Bundling port 'return', 'n_elements', 'p_xcl_gv_pipe_a', 'p_xcl_gv_pipe_b' and 'p_xcl_gv_pipe_c' to AXI-Lite port control.
WARNING: [RTGEN 206-101] Port 'krnl_adder/m_axi_gmem_AWVALID' has no fanin or fanout and is left dangling.
               Please use C simulation to confirm this function argument can be read from or written to.
WARNING: [RTGEN 206-101] Setting dangling out port 'krnl_adder/m_axi_gmem_AWVALID' to 0.
WARNING: [RTGEN 206-101] Port 'krnl_adder/m_axi_gmem_AWREADY' has no fanin or fanout and is left dangling.
               Please use C simulation to confirm this function argument can be read from or written to.
WARNING: [RTGEN 206-101] Port 'krnl_adder/m_axi_gmem_AWADDR' has no fanin or fanout and is left dangling.
               Please use C simulation to confirm this function argument can be read from or written to.
WARNING: [RTGEN 206-101] Setting dangling out port 'krnl_adder/m_axi_gmem_AWADDR' to 0.
WARNING: [RTGEN 206-101] Port 'krnl_adder/m_axi_gmem_AWID' has no fanin or fanout and is left dangling.
               Please use C simulation to confirm this function argument can be read from or written to.
WARNING: [RTGEN 206-101] Setting dangling out port 'krnl_adder/m_axi_gmem_AWID' to 0.
WARNING: [RTGEN 206-101] Port 'krnl_adder/m_axi_gmem_AWLEN' has no fanin or fanout and is left dangling.
               Please use C simulation to confirm this function argument can be read from or written to.
WARNING: [RTGEN 206-101] Setting dangling out port 'krnl_adder/m_axi_gmem_AWLEN' to 0.
WARNING: [RTGEN 206-101] Port 'krnl_adder/m_axi_gmem_AWSIZE' has no fanin or fanout and is left dangling.
               Please use C simulation to confirm this function argument can be read from or written to.
WARNING: [RTGEN 206-101] Setting dangling out port 'krnl_adder/m_axi_gmem_AWSIZE' to 0.
WARNING: [RTGEN 206-101] Port 'krnl_adder/m_axi_gmem_AWBURST' has no fanin or fanout and is left dangling.
               Please use C simulation to confirm this function argument can be read from or written to.
WARNING: [RTGEN 206-101] Setting dangling out port 'krnl_adder/m_axi_gmem_AWBURST' to 0.
WARNING: [RTGEN 206-101] Port 'krnl_adder/m_axi_gmem_AWLOCK' has no fanin or fanout and is left dangling.
               Please use C simulation to confirm this function argument can be read from or written to.
WARNING: [RTGEN 206-101] Setting dangling out port 'krnl_adder/m_axi_gmem_AWLOCK' to 0.
WARNING: [RTGEN 206-101] Port 'krnl_adder/m_axi_gmem_AWCACHE' has no fanin or fanout and is left dangling.
               Please use C simulation to confirm this function argument can be read from or written to.
WARNING: [RTGEN 206-101] Setting dangling out port 'krnl_adder/m_axi_gmem_AWCACHE' to 0.
WARNING: [RTGEN 206-101] Port 'krnl_adder/m_axi_gmem_AWPROT' has no fanin or fanout and is left dangling.
               Please use C simulation to confirm this function argument can be read from or written to.
WARNING: [RTGEN 206-101] Setting dangling out port 'krnl_adder/m_axi_gmem_AWPROT' to 0.
WARNING: [RTGEN 206-101] Port 'krnl_adder/m_axi_gmem_AWQOS' has no fanin or fanout and is left dangling.
               Please use C simulation to confirm this function argument can be read from or written to.
WARNING: [RTGEN 206-101] Setting dangling out port 'krnl_adder/m_axi_gmem_AWQOS' to 0.
WARNING: [RTGEN 206-101] Port 'krnl_adder/m_axi_gmem_AWREGION' has no fanin or fanout and is left dangling.
               Please use C simulation to confirm this function argument can be read from or written to.
WARNING: [RTGEN 206-101] Setting dangling out port 'krnl_adder/m_axi_gmem_AWREGION' to 0.
WARNING: [RTGEN 206-101] Port 'krnl_adder/m_axi_gmem_AWUSER' has no fanin or fanout and is left dangling.
               Please use C simulation to confirm this function argument can be read from or written to.
WARNING: [RTGEN 206-101] Setting dangling out port 'krnl_adder/m_axi_gmem_AWUSER' to 0.
WARNING: [RTGEN 206-101] Port 'krnl_adder/m_axi_gmem_WVALID' has no fanin or fanout and is left dangling.
               Please use C simulation to confirm this function argument can be read from or written to.
WARNING: [RTGEN 206-101] Setting dangling out port 'krnl_adder/m_axi_gmem_WVALID' to 0.
WARNING: [RTGEN 206-101] Port 'krnl_adder/m_axi_gmem_WREADY' has no fanin or fanout and is left dangling.
               Please use C simulation to confirm this function argument can be read from or written to.
WARNING: [RTGEN 206-101] Port 'krnl_adder/m_axi_gmem_WDATA' has no fanin or fanout and is left dangling.
               Please use C simulation to confirm this function argument can be read from or written to.
WARNING: [RTGEN 206-101] Setting dangling out port 'krnl_adder/m_axi_gmem_WDATA' to 0.
WARNING: [RTGEN 206-101] Port 'krnl_adder/m_axi_gmem_WSTRB' has no fanin or fanout and is left dangling.
               Please use C simulation to confirm this function argument can be read from or written to.
WARNING: [RTGEN 206-101] Setting dangling out port 'krnl_adder/m_axi_gmem_WSTRB' to 0.
WARNING: [RTGEN 206-101] Port 'krnl_adder/m_axi_gmem_WLAST' has no fanin or fanout and is left dangling.
               Please use C simulation to confirm this function argument can be read from or written to.
WARNING: [RTGEN 206-101] Setting dangling out port 'krnl_adder/m_axi_gmem_WLAST' to 0.
WARNING: [RTGEN 206-101] Port 'krnl_adder/m_axi_gmem_WID' has no fanin or fanout and is left dangling.
               Please use C simulation to confirm this function argument can be read from or written to.
WARNING: [RTGEN 206-101] Setting dangling out port 'krnl_adder/m_axi_gmem_WID' to 0.
WARNING: [RTGEN 206-101] Port 'krnl_adder/m_axi_gmem_WUSER' has no fanin or fanout and is left dangling.
               Please use C simulation to confirm this function argument can be read from or written to.
WARNING: [RTGEN 206-101] Setting dangling out port 'krnl_adder/m_axi_gmem_WUSER' to 0.
WARNING: [RTGEN 206-101] Port 'krnl_adder/m_axi_gmem_ARVALID' has no fanin or fanout and is left dangling.
               Please use C simulation to confirm this function argument can be read from or written to.
WARNING: [RTGEN 206-101] Setting dangling out port 'krnl_adder/m_axi_gmem_ARVALID' to 0.
WARNING: [RTGEN 206-101] Port 'krnl_adder/m_axi_gmem_ARREADY' has no fanin or fanout and is left dangling.
               Please use C simulation to confirm this function argument can be read from or written to.
WARNING: [RTGEN 206-101] Port 'krnl_adder/m_axi_gmem_ARADDR' has no fanin or fanout and is left dangling.
               Please use C simulation to confirm this function argument can be read from or written to.
WARNING: [RTGEN 206-101] Setting dangling out port 'krnl_adder/m_axi_gmem_ARADDR' to 0.
WARNING: [RTGEN 206-101] Port 'krnl_adder/m_axi_gmem_ARID' has no fanin or fanout and is left dangling.
               Please use C simulation to confirm this function argument can be read from or written to.
WARNING: [RTGEN 206-101] Setting dangling out port 'krnl_adder/m_axi_gmem_ARID' to 0.
WARNING: [RTGEN 206-101] Port 'krnl_adder/m_axi_gmem_ARLEN' has no fanin or fanout and is left dangling.
               Please use C simulation to confirm this function argument can be read from or written to.
WARNING: [RTGEN 206-101] Setting dangling out port 'krnl_adder/m_axi_gmem_ARLEN' to 0.
WARNING: [RTGEN 206-101] Port 'krnl_adder/m_axi_gmem_ARSIZE' has no fanin or fanout and is left dangling.
               Please use C simulation to confirm this function argument can be read from or written to.
WARNING: [RTGEN 206-101] Setting dangling out port 'krnl_adder/m_axi_gmem_ARSIZE' to 0.
WARNING: [RTGEN 206-101] Port 'krnl_adder/m_axi_gmem_ARBURST' has no fanin or fanout and is left dangling.
               Please use C simulation to confirm this function argument can be read from or written to.
WARNING: [RTGEN 206-101] Setting dangling out port 'krnl_adder/m_axi_gmem_ARBURST' to 0.
WARNING: [RTGEN 206-101] Port 'krnl_adder/m_axi_gmem_ARLOCK' has no fanin or fanout and is left dangling.
               Please use C simulation to confirm this function argument can be read from or written to.
WARNING: [RTGEN 206-101] Setting dangling out port 'krnl_adder/m_axi_gmem_ARLOCK' to 0.
WARNING: [RTGEN 206-101] Port 'krnl_adder/m_axi_gmem_ARCACHE' has no fanin or fanout and is left dangling.
               Please use C simulation to confirm this function argument can be read from or written to.
WARNING: [RTGEN 206-101] Setting dangling out port 'krnl_adder/m_axi_gmem_ARCACHE' to 0.
WARNING: [RTGEN 206-101] Port 'krnl_adder/m_axi_gmem_ARPROT' has no fanin or fanout and is left dangling.
               Please use C simulation to confirm this function argument can be read from or written to.
WARNING: [RTGEN 206-101] Setting dangling out port 'krnl_adder/m_axi_gmem_ARPROT' to 0.
WARNING: [RTGEN 206-101] Port 'krnl_adder/m_axi_gmem_ARQOS' has no fanin or fanout and is left dangling.
               Please use C simulation to confirm this function argument can be read from or written to.
WARNING: [RTGEN 206-101] Setting dangling out port 'krnl_adder/m_axi_gmem_ARQOS' to 0.
WARNING: [RTGEN 206-101] Port 'krnl_adder/m_axi_gmem_ARREGION' has no fanin or fanout and is left dangling.
               Please use C simulation to confirm this function argument can be read from or written to.
WARNING: [RTGEN 206-101] Setting dangling out port 'krnl_adder/m_axi_gmem_ARREGION' to 0.
WARNING: [RTGEN 206-101] Port 'krnl_adder/m_axi_gmem_ARUSER' has no fanin or fanout and is left dangling.
               Please use C simulation to confirm this function argument can be read from or written to.
WARNING: [RTGEN 206-101] Setting dangling out port 'krnl_adder/m_axi_gmem_ARUSER' to 0.
WARNING: [RTGEN 206-101] Port 'krnl_adder/m_axi_gmem_RVALID' has no fanin or fanout and is left dangling.
               Please use C simulation to confirm this function argument can be read from or written to.
WARNING: [RTGEN 206-101] Port 'krnl_adder/m_axi_gmem_RREADY' has no fanin or fanout and is left dangling.
               Please use C simulation to confirm this function argument can be read from or written to.
WARNING: [RTGEN 206-101] Setting dangling out port 'krnl_adder/m_axi_gmem_RREADY' to 0.
WARNING: [RTGEN 206-101] Port 'krnl_adder/m_axi_gmem_RDATA' has no fanin or fanout and is left dangling.
               Please use C simulation to confirm this function argument can be read from or written to.
WARNING: [RTGEN 206-101] Port 'krnl_adder/m_axi_gmem_RLAST' has no fanin or fanout and is left dangling.
               Please use C simulation to confirm this function argument can be read from or written to.
WARNING: [RTGEN 206-101] Port 'krnl_adder/m_axi_gmem_RID' has no fanin or fanout and is left dangling.
               Please use C simulation to confirm this function argument can be read from or written to.
WARNING: [RTGEN 206-101] Port 'krnl_adder/m_axi_gmem_RUSER' has no fanin or fanout and is left dangling.
               Please use C simulation to confirm this function argument can be read from or written to.
WARNING: [RTGEN 206-101] Port 'krnl_adder/m_axi_gmem_RRESP' has no fanin or fanout and is left dangling.
               Please use C simulation to confirm this function argument can be read from or written to.
WARNING: [RTGEN 206-101] Port 'krnl_adder/m_axi_gmem_BVALID' has no fanin or fanout and is left dangling.
               Please use C simulation to confirm this function argument can be read from or written to.
WARNING: [RTGEN 206-101] Port 'krnl_adder/m_axi_gmem_BREADY' has no fanin or fanout and is left dangling.
               Please use C simulation to confirm this function argument can be read from or written to.
WARNING: [RTGEN 206-101] Setting dangling out port 'krnl_adder/m_axi_gmem_BREADY' to 0.
WARNING: [RTGEN 206-101] Port 'krnl_adder/m_axi_gmem_BRESP' has no fanin or fanout and is left dangling.
               Please use C simulation to confirm this function argument can be read from or written to.
WARNING: [RTGEN 206-101] Port 'krnl_adder/m_axi_gmem_BID' has no fanin or fanout and is left dangling.
               Please use C simulation to confirm this function argument can be read from or written to.
WARNING: [RTGEN 206-101] Port 'krnl_adder/m_axi_gmem_BUSER' has no fanin or fanout and is left dangling.
               Please use C simulation to confirm this function argument can be read from or written to.
INFO: [RTGEN 206-100] Finished creating RTL model for 'krnl_adder'.
INFO: [HLS 200-111]  Elapsed time: 0.02 seconds; current allocated memory: 60.516 MB.
INFO: [HLS 200-111] Finished generating all RTL models Time (s): cpu = 00:00:06 ; elapsed = 00:00:06 . Memory (MB): peak = 501.082 ; gain = 156.758 ; free physical = 12725 ; free virtual = 31017
INFO: [SYSC 207-301] Generating SystemC RTL for krnl_adder.
INFO: [VHDL 208-304] Generating VHDL RTL for krnl_adder.
INFO: [VLOG 209-307] Generating Verilog RTL for krnl_adder.
INFO: [IMPL 213-8] Exporting RTL as an IP in IP-XACT.


****** Vivado v2017.2_sdx (64-bit)
  **** SW Build 1972098 on Wed Aug 23 11:34:38 MDT 2017
  **** IP Build 1971916 on Wed Aug 23 13:11:02 MDT 2017
    ** Copyright 1986-2017 Xilinx, Inc. All Rights Reserved.

INFO: [Common 17-1460] Use of init.tcl in /home/yanghui/Xilinx/SDx/2017.2/Vivado/scripts/init.tcl is deprecated. Please use Vivado_init.tcl 
Sourcing tcl script '/home/yanghui/Xilinx/SDx/2017.2/Vivado/scripts/init.tcl'
0 Beta devices matching pattern found, 0 enabled.
Loaded SDSoC Platform Tcl Library
source run_ippack.tcl -notrace
INFO: [IP_Flow 19-234] Refreshing IP repositories
INFO: [IP_Flow 19-1704] No user IP repositories specified
INFO: [IP_Flow 19-2313] Loaded Vivado IP repository '/home/yanghui/Xilinx/SDx/2017.2/Vivado/data/ip'.
WARNING: [Vivado 12-4404] The CPU emulation flow is not supported when using a packaged XO file with XOCC.
INFO: [Common 17-206] Exiting Vivado at Thu Nov 16 23:15:56 2017...
Vivado HLS completed successfully
INFO: [HLS 200-112] Total elapsed time: 38.56 seconds; peak allocated memory: 60.516 MB.
